2022-07-09 18:50:00.145  INFO 35932 --- [main] com.lixin.boot.BootBaseApplication       : Starting BootBaseApplication on LX with PID 35932 (C:\Users\Administrator\code\JavaCode\awesome_java\a3_springboot\target\classes started by Administrator in C:\Users\Administrator\code\JavaCode\awesome_java\a3_springboot)
2022-07-09 18:50:00.145  INFO 35932 --- [main] com.lixin.boot.BootBaseApplication       : The following profiles are active: mysql
2022-07-09 18:50:00.803  WARN 35932 --- [main] o.m.s.mapper.ClassPathMapperScanner      : No MyBatis mapper was found in '[com.lixin.boot_base.mapper]' package. Please check your configuration.
2022-07-09 18:50:00.945  INFO 35932 --- [main] trationDelegate$BeanPostProcessorChecker : Bean 'org.springframework.transaction.annotation.ProxyTransactionManagementConfiguration' of type [org.springframework.transaction.annotation.ProxyTransactionManagementConfiguration$$EnhancerBySpringCGLIB$$daff543] is not eligible for getting processed by all BeanPostProcessors (for example: not eligible for auto-proxying)
2022-07-09 18:50:01.193  INFO 35932 --- [main] o.s.b.w.embedded.tomcat.TomcatWebServer  : Tomcat initialized with port(s): 8080 (http)
2022-07-09 18:50:01.213  INFO 35932 --- [main] o.apache.catalina.core.StandardService   : Starting service [Tomcat]
2022-07-09 18:50:01.213  INFO 35932 --- [main] org.apache.catalina.core.StandardEngine  : Starting Servlet engine: [Apache Tomcat/9.0.16]
2022-07-09 18:50:01.213  INFO 35932 --- [main] o.a.catalina.core.AprLifecycleListener   : The APR based Apache Tomcat Native library which allows optimal performance in production environments was not found on the java.library.path: [C:\Program Files\Eclipse Adoptium\jdk-11.0.13.8-hotspot\bin;C:\Windows\Sun\Java\bin;C:\Windows\system32;C:\Windows;C:\Program Files\Eclipse Adoptium\jdk-11.0.13.8-hotspot\bin;C:\Program Files (x86)\Common Files\Oracle\Java\javapath;C:\Program Files\Eclipse Adoptium\jdk-11.0.13.8-hotspot\\bin;C:\Windows\system32;C:\Windows;C:\Windows\System32\Wbem;C:\Windows\System32\WindowsPowerShell\v1.0\;C:\Windows\System32\OpenSSH\;C:\App;C:\Users\Administrator\AppData\Local\Android\Sdk\platform-tools;C:\Bins\cmder_mini;C:\Program Files\nodejs\;C:\Program Files\Go\bin;C:\ProgramData\chocolatey\bin;C:\Program Files\Git\cmd;C:\Bins\x86_64-8.1.0-release-posix-sjlj-rt_v6-rev0\mingw64\bin;C:\Users\Administrator\AppData\Local\Programs\Python\Python310\Scripts\;C:\Users\Administrator\AppData\Local\Programs\Python\Python310\;C:\Users\Administrator\AppData\Local\Microsoft\WindowsApps;C:\Apps\IntelliJ IDEA 2021.2.2\bin;;C:\Bins\apache-maven-3.8.4\bin;C:\Users\Administrator\AppData\Roaming\npm;C:\Apps\Microsoft VS Code\bin;C:\Users\Administrator\go\bin;.]
2022-07-09 18:50:01.294  INFO 35932 --- [main] o.a.c.c.C.[Tomcat].[localhost].[/base]   : Initializing Spring embedded WebApplicationContext
2022-07-09 18:50:01.294  INFO 35932 --- [main] o.s.web.context.ContextLoader            : Root WebApplicationContext: initialization completed in 1118 ms
2022-07-09 18:50:01.524  INFO 35932 --- [main] pertySourcedRequestMappingHandlerMapping : Mapped URL path [/v2/api-docs] onto method [public org.springframework.http.ResponseEntity<springfox.documentation.spring.web.json.Json> springfox.documentation.swagger2.web.Swagger2Controller.getDocumentation(java.lang.String,javax.servlet.http.HttpServletRequest)]
2022-07-09 18:50:01.602  INFO 35932 --- [main] o.s.s.concurrent.ThreadPoolTaskExecutor  : Initializing ExecutorService 'applicationTaskExecutor'
2022-07-09 18:50:01.738  INFO 35932 --- [main] c.a.d.s.b.a.DruidDataSourceAutoConfigure : Init DruidDataSource
2022-07-09 18:50:03.560  INFO 35932 --- [main] com.alibaba.druid.pool.DruidDataSource   : {dataSource-1} inited
2022-07-09 18:50:04.466  INFO 35932 --- [main] d.s.w.p.DocumentationPluginsBootstrapper : Context refreshed
2022-07-09 18:50:04.482  INFO 35932 --- [main] d.s.w.p.DocumentationPluginsBootstrapper : Found 1 custom documentation plugin(s)
2022-07-09 18:50:04.497  INFO 35932 --- [main] s.d.s.w.s.ApiListingReferenceScanner     : Scanning for api listing references
2022-07-09 18:50:04.529  INFO 35932 --- [main] o.s.b.w.embedded.tomcat.TomcatWebServer  : Tomcat started on port(s): 8080 (http) with context path '/base'
2022-07-09 18:50:04.529  INFO 35932 --- [main] com.lixin.boot.BootBaseApplication       : Started BootBaseApplication in 4.758 seconds (JVM running for 5.396)
2022-07-09 18:50:04.529  INFO 35932 --- [main] com.lixin.boot.BootBaseApplication       : swagger2访问地址：http://127.0.0.1:8080/base/swagger-ui.html#/
2022-07-09 18:50:04.529  INFO 35932 --- [main] com.lixin.boot.BootBaseApplication       : hello world
2022-07-09 18:50:37.125  INFO 35932 --- [Thread-2] com.alibaba.druid.pool.DruidDataSource   : {dataSource-1} closing ...
2022-07-09 18:50:37.125  INFO 35932 --- [Thread-2] com.alibaba.druid.pool.DruidDataSource   : {dataSource-1} closed
2022-07-09 18:50:37.125  INFO 35932 --- [Thread-2] o.s.s.concurrent.ThreadPoolTaskExecutor  : Shutting down ExecutorService 'applicationTaskExecutor'
2022-07-09 18:50:39.870  INFO 5324 --- [main] com.lixin.boot.BootBaseApplication       : Starting BootBaseApplication on LX with PID 5324 (C:\Users\Administrator\code\JavaCode\awesome_java\a3_springboot\target\classes started by Administrator in C:\Users\Administrator\code\JavaCode\awesome_java\a3_springboot)
2022-07-09 18:50:39.870  INFO 5324 --- [main] com.lixin.boot.BootBaseApplication       : The following profiles are active: mysql
2022-07-09 18:50:40.514  WARN 5324 --- [main] o.m.s.mapper.ClassPathMapperScanner      : No MyBatis mapper was found in '[com.lixin.boot_base.mapper]' package. Please check your configuration.
2022-07-09 18:50:40.666  INFO 5324 --- [main] trationDelegate$BeanPostProcessorChecker : Bean 'org.springframework.transaction.annotation.ProxyTransactionManagementConfiguration' of type [org.springframework.transaction.annotation.ProxyTransactionManagementConfiguration$$EnhancerBySpringCGLIB$$2adf2758] is not eligible for getting processed by all BeanPostProcessors (for example: not eligible for auto-proxying)
2022-07-09 18:50:40.899  INFO 5324 --- [main] o.s.b.w.embedded.tomcat.TomcatWebServer  : Tomcat initialized with port(s): 8080 (http)
2022-07-09 18:50:40.920  INFO 5324 --- [main] o.apache.catalina.core.StandardService   : Starting service [Tomcat]
2022-07-09 18:50:40.920  INFO 5324 --- [main] org.apache.catalina.core.StandardEngine  : Starting Servlet engine: [Apache Tomcat/9.0.16]
2022-07-09 18:50:40.920  INFO 5324 --- [main] o.a.catalina.core.AprLifecycleListener   : The APR based Apache Tomcat Native library which allows optimal performance in production environments was not found on the java.library.path: [C:\Program Files\Eclipse Adoptium\jdk-11.0.13.8-hotspot\bin;C:\Windows\Sun\Java\bin;C:\Windows\system32;C:\Windows;C:\Program Files\Eclipse Adoptium\jdk-11.0.13.8-hotspot\bin;C:\Program Files (x86)\Common Files\Oracle\Java\javapath;C:\Program Files\Eclipse Adoptium\jdk-11.0.13.8-hotspot\\bin;C:\Windows\system32;C:\Windows;C:\Windows\System32\Wbem;C:\Windows\System32\WindowsPowerShell\v1.0\;C:\Windows\System32\OpenSSH\;C:\App;C:\Users\Administrator\AppData\Local\Android\Sdk\platform-tools;C:\Bins\cmder_mini;C:\Program Files\nodejs\;C:\Program Files\Go\bin;C:\ProgramData\chocolatey\bin;C:\Program Files\Git\cmd;C:\Bins\x86_64-8.1.0-release-posix-sjlj-rt_v6-rev0\mingw64\bin;C:\Users\Administrator\AppData\Local\Programs\Python\Python310\Scripts\;C:\Users\Administrator\AppData\Local\Programs\Python\Python310\;C:\Users\Administrator\AppData\Local\Microsoft\WindowsApps;C:\Apps\IntelliJ IDEA 2021.2.2\bin;;C:\Bins\apache-maven-3.8.4\bin;C:\Users\Administrator\AppData\Roaming\npm;C:\Apps\Microsoft VS Code\bin;C:\Users\Administrator\go\bin;.]
2022-07-09 18:50:40.986  INFO 5324 --- [main] o.a.c.c.C.[Tomcat].[localhost].[/base]   : Initializing Spring embedded WebApplicationContext
2022-07-09 18:50:40.986  INFO 5324 --- [main] o.s.web.context.ContextLoader            : Root WebApplicationContext: initialization completed in 1086 ms
2022-07-09 18:50:41.230  INFO 5324 --- [main] pertySourcedRequestMappingHandlerMapping : Mapped URL path [/v2/api-docs] onto method [public org.springframework.http.ResponseEntity<springfox.documentation.spring.web.json.Json> springfox.documentation.swagger2.web.Swagger2Controller.getDocumentation(java.lang.String,javax.servlet.http.HttpServletRequest)]
2022-07-09 18:50:41.326  INFO 5324 --- [main] o.s.s.concurrent.ThreadPoolTaskExecutor  : Initializing ExecutorService 'applicationTaskExecutor'
2022-07-09 18:50:41.447  INFO 5324 --- [main] c.a.d.s.b.a.DruidDataSourceAutoConfigure : Init DruidDataSource
2022-07-09 18:50:41.619  INFO 5324 --- [main] com.alibaba.druid.pool.DruidDataSource   : {dataSource-1} inited
2022-07-09 18:50:42.482  INFO 5324 --- [main] d.s.w.p.DocumentationPluginsBootstrapper : Context refreshed
2022-07-09 18:50:42.498  INFO 5324 --- [main] d.s.w.p.DocumentationPluginsBootstrapper : Found 1 custom documentation plugin(s)
2022-07-09 18:50:42.529  INFO 5324 --- [main] s.d.s.w.s.ApiListingReferenceScanner     : Scanning for api listing references
2022-07-09 18:50:42.560  INFO 5324 --- [main] o.s.b.w.embedded.tomcat.TomcatWebServer  : Tomcat started on port(s): 8080 (http) with context path '/base'
2022-07-09 18:50:42.560  INFO 5324 --- [main] com.lixin.boot.BootBaseApplication       : Started BootBaseApplication in 3.08 seconds (JVM running for 3.685)
2022-07-09 18:50:42.560  INFO 5324 --- [main] com.lixin.boot.BootBaseApplication       : swagger2访问地址：http://127.0.0.1:8080/base/swagger-ui.html#/
2022-07-09 18:50:42.560  INFO 5324 --- [main] com.lixin.boot.BootBaseApplication       : hello world
2022-07-09 18:50:46.734  INFO 5324 --- [Thread-2] com.alibaba.druid.pool.DruidDataSource   : {dataSource-1} closing ...
2022-07-09 18:50:46.749  INFO 5324 --- [Thread-2] com.alibaba.druid.pool.DruidDataSource   : {dataSource-1} closed
2022-07-09 18:50:46.749  INFO 5324 --- [Thread-2] o.s.s.concurrent.ThreadPoolTaskExecutor  : Shutting down ExecutorService 'applicationTaskExecutor'
